app/build/outputs/logs/manifest-merger-release-report.txt
-- Merging decision tree log ---
manifest
ADDED from src\main\AndroidManifest.xml:2:1-82:12
	package
		ADDED from src\main\AndroidManifest.xml:3:5-33
		INJECTED from src\main\AndroidManifest.xml
		INJECTED from src\main\AndroidManifest.xml
	android:versionName
		ADDED from src\main\AndroidManifest.xml:5:5-30
		INJECTED from src\main\AndroidManifest.xml
		INJECTED from src\main\AndroidManifest.xml
	xmlns:tools
		ADDED from src\main\AndroidManifest.xml:6:5-51
	android:versionCode
		ADDED from src\main\AndroidManifest.xml:4:5-28
		INJECTED from src\main\AndroidManifest.xml
		INJECTED from src\main\AndroidManifest.xml
	xmlns:android
		ADDED from src\main\AndroidManifest.xml:2:11-69
uses-sdk
ADDED from src\main\AndroidManifest.xml:8:5-10:41
MERGED from [bee:BeeZXing:unspecified] AndroidManifest.xml:23:5-25:40
	android:targetSdkVersion
		ADDED from src\main\AndroidManifest.xml:10:9-38
		INJECTED from src\main\AndroidManifest.xml
		INJECTED from src\main\AndroidManifest.xml
	android:minSdkVersion
		ADDED from src\main\AndroidManifest.xml:9:9-35
		INJECTED from src\main\AndroidManifest.xml
		INJECTED from src\main\AndroidManifest.xml
uses-permission#android.permission.INTERNET
ADDED from src\main\AndroidManifest.xml:12:5-67
MERGED from [bee:BeeZXing:unspecified] AndroidManifest.xml:28:5-67
	android:name
		ADDED from src\main\AndroidManifest.xml:12:22-64
uses-permission#android.permission.ACCESS_NETWORK_STATE
ADDED from src\main\AndroidManifest.xml:13:5-79
	android:name
		ADDED from src\main\AndroidManifest.xml:13:22-76
uses-permission#android.permission.GET_TASKS
ADDED from src\main\AndroidManifest.xml:14:5-68
	android:name
		ADDED from src\main\AndroidManifest.xml:14:22-65
uses-permission#android.permission.RECEIVE_BOOT_COMPLETED
ADDED from src\main\AndroidManifest.xml:15:5-81
	android:name
		ADDED from src\main\AndroidManifest.xml:15:22-78
uses-permission#android.permission.WRITE_EXTERNAL_STORAGE
ADDED from src\main\AndroidManifest.xml:16:5-81
MERGED from [bee:BeeZXing:unspecified] AndroidManifest.xml:33:5-81
	android:name
		ADDED from src\main\AndroidManifest.xml:16:22-78
uses-permission#android.permission.MOUNT_UNMOUNT_FILESYSTEMS
ADDED from src\main\AndroidManifest.xml:17:5-84
	android:name
		ADDED from src\main\AndroidManifest.xml:17:22-81
uses-permission#android.permission.BATTERY_STATS
ADDED from src\main\AndroidManifest.xml:18:5-72
	android:name
		ADDED from src\main\AndroidManifest.xml:18:22-69
uses-permission#android.permission.CALL_PHONE
ADDED from src\main\AndroidManifest.xml:19:5-69
	android:name
		ADDED from src\main\AndroidManifest.xml:19:22-66
uses-permission#android.permission.VIBRATE
ADDED from src\main\AndroidManifest.xml:20:5-66
MERGED from [bee:BeeZXing:unspecified] AndroidManifest.xml:29:5-66
	android:name
		ADDED from src\main\AndroidManifest.xml:20:22-63
uses-permission#android.permission.CAMERA
ADDED from src\main\AndroidManifest.xml:21:5-65
MERGED from [bee:BeeZXing:unspecified] AndroidManifest.xml:27:5-65
	android:name
		ADDED from src\main\AndroidManifest.xml:21:22-62
uses-permission#android.permission.FLASHLIGHT
ADDED from src\main\AndroidManifest.xml:23:5-69
MERGED from [bee:BeeZXing:unspecified] AndroidManifest.xml:30:5-69
	android:name
		ADDED from src\main\AndroidManifest.xml:23:22-66
uses-permission#android.permission.READ_CONTACTS
ADDED from src\main\AndroidManifest.xml:24:5-72
MERGED from [bee:BeeZXing:unspecified] AndroidManifest.xml:31:5-72
	android:name
		ADDED from src\main\AndroidManifest.xml:24:22-69
uses-permission#com.android.browser.permission.READ_HISTORY_BOOKMARKS
ADDED from src\main\AndroidManifest.xml:25:5-93
MERGED from [bee:BeeZXing:unspecified] AndroidManifest.xml:32:5-93
	android:name
		ADDED from src\main\AndroidManifest.xml:25:22-90
uses-permission#android.permission.CHANGE_WIFI_STATE
ADDED from src\main\AndroidManifest.xml:27:5-76
MERGED from [bee:BeeZXing:unspecified] AndroidManifest.xml:34:5-76
	android:name
		ADDED from src\main\AndroidManifest.xml:27:22-73
uses-permission#android.permission.ACCESS_WIFI_STATE
ADDED from src\main\AndroidManifest.xml:28:5-76
MERGED from [bee:BeeZXing:unspecified] AndroidManifest.xml:35:5-76
	android:name
		ADDED from src\main\AndroidManifest.xml:28:22-73
application
ADDED from src\main\AndroidManifest.xml:30:5-80:19
MERGED from [bee:BeeZXing:unspecified] AndroidManifest.xml:59:5-223:19
	android:label
		ADDED from src\main\AndroidManifest.xml:34:9-41
		REJECTED from [bee:BeeZXing:unspecified] AndroidManifest.xml:61:9-42
	android:allowBackup
		ADDED from src\main\AndroidManifest.xml:32:9-35
	android:icon
		ADDED from src\main\AndroidManifest.xml:33:9-45
		REJECTED from [bee:BeeZXing:unspecified] AndroidManifest.xml:60:9-47
	android:theme
		ADDED from src\main\AndroidManifest.xml:35:9-40
	tools:replace
		ADDED from src\main\AndroidManifest.xml:36:9-51
	android:name
		ADDED from src\main\AndroidManifest.xml:31:9-51
activity#com.lingshi321.bee.LaunchActivity
ADDED from src\main\AndroidManifest.xml:37:9-46:20
	android:label
		ADDED from src\main\AndroidManifest.xml:39:13-45
	android:theme
		ADDED from src\main\AndroidManifest.xml:40:13-48
	android:name
		ADDED from src\main\AndroidManifest.xml:38:13-61
intent-filter#android.intent.action.MAIN+android.intent.category.LAUNCHER
ADDED from src\main\AndroidManifest.xml:41:13-45:29
action#android.intent.action.MAIN
ADDED from src\main\AndroidManifest.xml:42:17-69
	android:name
		ADDED from src\main\AndroidManifest.xml:42:25-66
category#android.intent.category.LAUNCHER
ADDED from src\main\AndroidManifest.xml:44:17-77
	android:name
		ADDED from src\main\AndroidManifest.xml:44:27-74
activity#com.lingshi321.bee.OrderDetailActivity
ADDED from src\main\AndroidManifest.xml:47:9-57
	android:name
		ADDED from src\main\AndroidManifest.xml:47:19-54
activity#com.lingshi321.bee.MainActivity
ADDED from src\main\AndroidManifest.xml:48:9-50:47
	android:launchMode
		ADDED from src\main\AndroidManifest.xml:50:13-44
	android:name
		ADDED from src\main\AndroidManifest.xml:49:13-41
activity#com.lingshi321.bee.LoginActivity
ADDED from src\main\AndroidManifest.xml:51:9-53:47
	android:launchMode
		ADDED from src\main\AndroidManifest.xml:53:13-44
	android:name
		ADDED from src\main\AndroidManifest.xml:52:13-42
activity#com.google.zxing.client.android.CaptureActivity
ADDED from src\main\AndroidManifest.xml:55:9-61:65
MERGED from [bee:BeeZXing:unspecified] AndroidManifest.xml:66:9-127:20
	android:clearTaskOnLaunch
		ADDED from src\main\AndroidManifest.xml:57:15-47
	android:screenOrientation
		ADDED from src\main\AndroidManifest.xml:56:15-51
	android:stateNotNeeded
		ADDED from src\main\AndroidManifest.xml:58:15-44
	android:windowSoftInputMode
		ADDED from src\main\AndroidManifest.xml:61:15-62
	android:configChanges
		ADDED from src\main\AndroidManifest.xml:59:15-65
	android:theme
		ADDED from src\main\AndroidManifest.xml:60:15-73
	android:name
		ADDED from src\main\AndroidManifest.xml:55:19-81
service#com.lingshi321.bee.service.PushService
ADDED from src\main\AndroidManifest.xml:63:9-74
	android:name
		ADDED from src\main\AndroidManifest.xml:63:18-71
receiver#com.lingshi321.bee.receiver.BatteryReceiver
ADDED from src\main\AndroidManifest.xml:65:9-69:20
	android:name
		ADDED from src\main\AndroidManifest.xml:65:19-77
intent-filter#android.intent.action.BATTERY_CHANGED
ADDED from src\main\AndroidManifest.xml:66:13-68:29
action#android.intent.action.BATTERY_CHANGED
ADDED from src\main\AndroidManifest.xml:67:17-80
	android:name
		ADDED from src\main\AndroidManifest.xml:67:25-77
receiver#com.lingshi321.bee.receiver.BootReceiver
ADDED from src\main\AndroidManifest.xml:70:9-74:20
	android:name
		ADDED from src\main\AndroidManifest.xml:70:19-74
intent-filter#android.intent.action.BOOT_COMPLETED
ADDED from src\main\AndroidManifest.xml:71:13-73:29
action#android.intent.action.BOOT_COMPLETED
ADDED from src\main\AndroidManifest.xml:72:17-79
	android:name
		ADDED from src\main\AndroidManifest.xml:72:25-76
receiver#com.lingshi321.bee.receiver.NetworkReceiver
ADDED from src\main\AndroidManifest.xml:75:9-79:20
	android:name
		ADDED from src\main\AndroidManifest.xml:75:19-77
intent-filter#android.net.conn.CONNECTIVITY_CHANGE
ADDED from src\main\AndroidManifest.xml:76:13-78:29
action#android.net.conn.CONNECTIVITY_CHANGE
ADDED from src\main\AndroidManifest.xml:77:17-79
	android:name
		ADDED from src\main\AndroidManifest.xml:77:25-76
uses-feature#android.hardware.camera
ADDED from [bee:BeeZXing:unspecified] AndroidManifest.xml:37:5-60
	android:name
		ADDED from [bee:BeeZXing:unspecified] AndroidManifest.xml:37:19-57
uses-feature#android.hardware.camera.autofocus
ADDED from [bee:BeeZXing:unspecified] AndroidManifest.xml:38:5-40:36
	android:required
		ADDED from [bee:BeeZXing:unspecified] AndroidManifest.xml:40:9-33
	android:name
		ADDED from [bee:BeeZXing:unspecified] AndroidManifest.xml:39:9-57
uses-feature#android.hardware.camera.flash
ADDED from [bee:BeeZXing:unspecified] AndroidManifest.xml:41:5-43:36
	android:required
		ADDED from [bee:BeeZXing:unspecified] AndroidManifest.xml:43:9-33
	android:name
		ADDED from [bee:BeeZXing:unspecified] AndroidManifest.xml:42:9-53
uses-feature#android.hardware.screen.landscape
ADDED from [bee:BeeZXing:unspecified] AndroidManifest.xml:44:5-70
	android:name
		ADDED from [bee:BeeZXing:unspecified] AndroidManifest.xml:44:19-67
uses-feature#android.hardware.wifi
ADDED from [bee:BeeZXing:unspecified] AndroidManifest.xml:45:5-47:36
	android:required
		ADDED from [bee:BeeZXing:unspecified] AndroidManifest.xml:47:9-33
	android:name
		ADDED from [bee:BeeZXing:unspecified] AndroidManifest.xml:46:9-45
uses-feature#android.hardware.touchscreen
ADDED from [bee:BeeZXing:unspecified] AndroidManifest.xml:48:5-50:36
	android:required
		ADDED from [bee:BeeZXing:unspecified] AndroidManifest.xml:50:9-33
	android:name
		ADDED from [bee:BeeZXing:unspecified] AndroidManifest.xml:49:9-52
supports-screens
ADDED from [bee:BeeZXing:unspecified] AndroidManifest.xml:53:5-57:39
	android:largeScreens
		ADDED from [bee:BeeZXing:unspecified] AndroidManifest.xml:55:9-36
	android:smallScreens
		ADDED from [bee:BeeZXing:unspecified] AndroidManifest.xml:57:9-36
	android:normalScreens
		ADDED from [bee:BeeZXing:unspecified] AndroidManifest.xml:56:9-37
	android:anyDensity
		ADDED from [bee:BeeZXing:unspecified] AndroidManifest.xml:54:9-34
activity#com.betterman.login.LoginActivity
ADDED from [bee:BeeZXing:unspecified] AndroidManifest.xml:62:9-65:20
	android:screenOrientation
		ADDED from [bee:BeeZXing:unspecified] AndroidManifest.xml:64:13-49
	android:name
		ADDED from [bee:BeeZXing:unspecified] AndroidManifest.xml:63:13-61
intent-filter#android.intent.category.DEFAULT+com.google.zxing.client.android.SCAN
ADDED from [bee:BeeZXing:unspecified] AndroidManifest.xml:74:13-78:29
action#com.google.zxing.client.android.SCAN
ADDED from [bee:BeeZXing:unspecified] AndroidManifest.xml:75:17-79
	android:name
		ADDED from [bee:BeeZXing:unspecified] AndroidManifest.xml:75:25-76
category#android.intent.category.DEFAULT
ADDED from [bee:BeeZXing:unspecified] AndroidManifest.xml:77:17-76
	android:name
		ADDED from [bee:BeeZXing:unspecified] AndroidManifest.xml:77:27-73
intent-filter#android.intent.action.VIEW+android.intent.category.BROWSABLE+android.intent.category.DEFAULT
ADDED from [bee:BeeZXing:unspecified] AndroidManifest.xml:80:13-90:29
action#android.intent.action.VIEW
ADDED from [bee:BeeZXing:unspecified] AndroidManifest.xml:81:17-69
	android:name
		ADDED from [bee:BeeZXing:unspecified] AndroidManifest.xml:81:25-66
category#android.intent.category.BROWSABLE
ADDED from [bee:BeeZXing:unspecified] AndroidManifest.xml:84:17-78
	android:name
		ADDED from [bee:BeeZXing:unspecified] AndroidManifest.xml:84:27-75
data
ADDED from [bee:BeeZXing:unspecified] AndroidManifest.xml:86:17-89:45
	android:path
		ADDED from [bee:BeeZXing:unspecified] AndroidManifest.xml:88:21-41
	android:host
		ADDED from [bee:BeeZXing:unspecified] AndroidManifest.xml:87:21-53
	android:scheme
		ADDED from [bee:BeeZXing:unspecified] AndroidManifest.xml:89:21-42
activity#com.google.zxing.client.android.PreferencesActivity
ADDED from [bee:BeeZXing:unspecified] AndroidManifest.xml:128:9-132:20
	android:label
		ADDED from [bee:BeeZXing:unspecified] AndroidManifest.xml:130:13-53
	android:stateNotNeeded
		ADDED from [bee:BeeZXing:unspecified] AndroidManifest.xml:131:13-42
	android:name
		ADDED from [bee:BeeZXing:unspecified] AndroidManifest.xml:129:13-79
activity#com.google.zxing.client.android.encode.EncodeActivity
ADDED from [bee:BeeZXing:unspecified] AndroidManifest.xml:133:9-158:20
	android:label
		ADDED from [bee:BeeZXing:unspecified] AndroidManifest.xml:135:13-47
	android:stateNotNeeded
		ADDED from [bee:BeeZXing:unspecified] AndroidManifest.xml:136:13-42
	android:name
		ADDED from [bee:BeeZXing:unspecified] AndroidManifest.xml:134:13-81
intent-filter#android.intent.category.DEFAULT+com.google.zxing.client.android.ENCODE
ADDED from [bee:BeeZXing:unspecified] AndroidManifest.xml:137:13-141:29
action#com.google.zxing.client.android.ENCODE
ADDED from [bee:BeeZXing:unspecified] AndroidManifest.xml:138:17-81
	android:name
		ADDED from [bee:BeeZXing:unspecified] AndroidManifest.xml:138:25-78
intent-filter#android.intent.action.SEND+android.intent.category.DEFAULT
ADDED from [bee:BeeZXing:unspecified] AndroidManifest.xml:143:13-149:29
action#android.intent.action.SEND
ADDED from [bee:BeeZXing:unspecified] AndroidManifest.xml:144:17-69
	android:name
		ADDED from [bee:BeeZXing:unspecified] AndroidManifest.xml:144:25-66
activity#com.google.zxing.client.android.book.SearchBookContentsActivity
ADDED from [bee:BeeZXing:unspecified] AndroidManifest.xml:159:9-170:20
	android:screenOrientation
		ADDED from [bee:BeeZXing:unspecified] AndroidManifest.xml:163:13-50
	android:label
		ADDED from [bee:BeeZXing:unspecified] AndroidManifest.xml:162:13-45
	android:stateNotNeeded
		ADDED from [bee:BeeZXing:unspecified] AndroidManifest.xml:164:13-42
	android:configChanges
		ADDED from [bee:BeeZXing:unspecified] AndroidManifest.xml:161:13-63
	android:name
		ADDED from [bee:BeeZXing:unspecified] AndroidManifest.xml:160:13-91
intent-filter#android.intent.category.DEFAULT+com.google.zxing.client.android.SEARCH_BOOK_CONTENTS
ADDED from [bee:BeeZXing:unspecified] AndroidManifest.xml:165:13-169:29
action#com.google.zxing.client.android.SEARCH_BOOK_CONTENTS
ADDED from [bee:BeeZXing:unspecified] AndroidManifest.xml:166:17-95
	android:name
		ADDED from [bee:BeeZXing:unspecified] AndroidManifest.xml:166:25-92
activity#com.google.zxing.client.android.share.ShareActivity
ADDED from [bee:BeeZXing:unspecified] AndroidManifest.xml:171:9-182:20
	android:screenOrientation
		ADDED from [bee:BeeZXing:unspecified] AndroidManifest.xml:174:13-45
	android:label
		ADDED from [bee:BeeZXing:unspecified] AndroidManifest.xml:173:13-47
	android:stateNotNeeded
		ADDED from [bee:BeeZXing:unspecified] AndroidManifest.xml:175:13-42
	android:theme
		ADDED from [bee:BeeZXing:unspecified] AndroidManifest.xml:176:13-55
	android:name
		ADDED from [bee:BeeZXing:unspecified] AndroidManifest.xml:172:13-79
intent-filter#android.intent.category.DEFAULT+com.google.zxing.client.android.SHARE
ADDED from [bee:BeeZXing:unspecified] AndroidManifest.xml:177:13-181:29
action#com.google.zxing.client.android.SHARE
ADDED from [bee:BeeZXing:unspecified] AndroidManifest.xml:178:17-80
	android:name
		ADDED from [bee:BeeZXing:unspecified] AndroidManifest.xml:178:25-77
activity#com.google.zxing.client.android.history.HistoryActivity
ADDED from [bee:BeeZXing:unspecified] AndroidManifest.xml:183:9-192:20
	android:label
		ADDED from [bee:BeeZXing:unspecified] AndroidManifest.xml:185:13-50
	android:stateNotNeeded
		ADDED from [bee:BeeZXing:unspecified] AndroidManifest.xml:186:13-42
	android:name
		ADDED from [bee:BeeZXing:unspecified] AndroidManifest.xml:184:13-83
intent-filter#android.intent.action.VIEW+android.intent.category.DEFAULT
ADDED from [bee:BeeZXing:unspecified] AndroidManifest.xml:187:13-191:29
activity#com.google.zxing.client.android.share.BookmarkPickerActivity
ADDED from [bee:BeeZXing:unspecified] AndroidManifest.xml:193:9-202:20
	android:label
		ADDED from [bee:BeeZXing:unspecified] AndroidManifest.xml:195:13-57
	android:stateNotNeeded
		ADDED from [bee:BeeZXing:unspecified] AndroidManifest.xml:196:13-42
	android:name
		ADDED from [bee:BeeZXing:unspecified] AndroidManifest.xml:194:13-88
intent-filter#android.intent.action.PICK+android.intent.category.DEFAULT
ADDED from [bee:BeeZXing:unspecified] AndroidManifest.xml:197:13-201:29
action#android.intent.action.PICK
ADDED from [bee:BeeZXing:unspecified] AndroidManifest.xml:198:17-69
	android:name
		ADDED from [bee:BeeZXing:unspecified] AndroidManifest.xml:198:25-66
activity#com.google.zxing.client.android.share.AppPickerActivity
ADDED from [bee:BeeZXing:unspecified] AndroidManifest.xml:203:9-213:20
	android:label
		ADDED from [bee:BeeZXing:unspecified] AndroidManifest.xml:206:13-52
	android:stateNotNeeded
		ADDED from [bee:BeeZXing:unspecified] AndroidManifest.xml:207:13-42
	android:configChanges
		ADDED from [bee:BeeZXing:unspecified] AndroidManifest.xml:205:13-48
	android:name
		ADDED from [bee:BeeZXing:unspecified] AndroidManifest.xml:204:13-83
activity#com.google.zxing.client.android.HelpActivity
ADDED from [bee:BeeZXing:unspecified] AndroidManifest.xml:214:9-222:20
	android:screenOrientation
		ADDED from [bee:BeeZXing:unspecified] AndroidManifest.xml:216:13-45
	android:name
		ADDED from [bee:BeeZXing:unspecified] AndroidManifest.xml:215:13-72
android:uses-permission#android.permission.READ_EXTERNAL_STORAGE
IMPLIED from src\main\AndroidManifest.xml:2:1-82:12 reason: com.google.zxing.client.android requested WRITE_EXTERNAL_STORAGE
android:uses-permission#android.permission.READ_CALL_LOG
IMPLIED from src\main\AndroidManifest.xml:2:1-82:12 reason: com.google.zxing.client.android has targetSdkVersion < 16 and requested READ_CONTACTS